<?xml version="1.0" encoding="UTF-8" ?>
<testsuite tests="2" failures="0" name="dmn.DishTest" time="4.251" errors="0" skipped="0">
  <properties>
    <property name="java.runtime.name" value="Java(TM) SE Runtime Environment"/>
    <property name="java.vm.version" value="11.0.5+10-LTS"/>
    <property name="sun.boot.library.path" value="C:\Program Files\Java\JDK\jdk-11.0.5\bin"/>
    <property name="maven.multiModuleProjectDirectory" value="C:\SandBox\dish-decision"/>
    <property name="java.vm.vendor" value="Oracle Corporation"/>
    <property name="java.vendor.url" value="http://java.oracle.com/"/>
    <property name="guice.disable.misplaced.annotation.check" value="true"/>
    <property name="path.separator" value=";"/>
    <property name="java.vm.name" value="Java HotSpot(TM) 64-Bit Server VM"/>
    <property name="sun.os.patch.level" value=""/>
    <property name="user.script" value=""/>
    <property name="user.country" value="US"/>
    <property name="sun.java.launcher" value="SUN_STANDARD"/>
    <property name="java.vm.specification.name" value="Java Virtual Machine Specification"/>
    <property name="user.dir" value="C:\SandBox\dish-decision"/>
    <property name="java.vm.compressedOopsMode" value="Zero based"/>
    <property name="java.runtime.version" value="11.0.5+10-LTS"/>
    <property name="java.awt.graphicsenv" value="sun.awt.Win32GraphicsEnvironment"/>
    <property name="os.arch" value="amd64"/>
    <property name="java.io.tmpdir" value="C:\Users\CONFTRG\AppData\Local\Temp\"/>
    <property name="line.separator" value="
"/>
    <property name="java.vm.specification.vendor" value="Oracle Corporation"/>
    <property name="user.variant" value=""/>
    <property name="os.name" value="Windows 10"/>
    <property name="maven.ext.class.path" value="C:\Program Files\JetBrains\IntelliJ IDEA Community Edition 2019.3.3\plugins\maven\lib\maven-event-listener.jar"/>
    <property name="classworlds.conf" value="C:\Program Files\JetBrains\IntelliJ IDEA Community Edition 2019.3.3\plugins\maven\lib\maven3\bin\m2.conf"/>
    <property name="sun.jnu.encoding" value="Cp1252"/>
    <property name="java.library.path" value="C:\Program Files\Java\JDK\jdk-11.0.5\bin;C:\WINDOWS\Sun\Java\bin;C:\WINDOWS\system32;C:\WINDOWS;C:\Program Files (x86)\Common Files\Oracle\Java\javapath;C:\Progra~1\Sybase\DataAccess64\ADONET\dll;C:\Progra~1\Sybase\DataAccess\ADONET\dll;C:\Progra~1\Sybase\DataAccess64\ODBC\dll;C:\Progra~1\Sybase\DataAccess\ODBC\dll;C:\Progra~1\Sybase\DataAccess64\OLEDB\dll;C:\Progra~1\Sybase\DataAccess\OLEDB\dll;C:\Progra~1\Sybase\OCS-15_0\lib3p64;C:\Progra~1\Sybase\OCS-15_0\lib3p;C:\Progra~1\Sybase\OCS-15_0\dll;C:\Progra~1\Sybase\OCS-15_0\bin;C:\Program Files (x86)\DST\AWDView\dll\;C:\Program Files (x86)\DST\AWDView\bin\;C:\WINDOWS\system32;C:\WINDOWS;C:\WINDOWS\System32\Wbem;C:\WINDOWS\System32\WindowsPowerShell\v1.0\;C:\WINDOWS\System32\OpenSSH\;C:\Program Files (x86)\CapitalGroup\UTILITY;C:\Program Files (x86)\WebEx\Productivity Tools;C:\Program Files (x86)\Enterprise Vault\EVClient\x64\;C:\Program Files\dotnet\;C:\Program Files\Microsoft SQL Server\130\Tools\Binn\;C:\Program Files\Git\cmd;C:\Program Files (x86)\Atlassian\SourceTree;C:\Program Files (x86)\Atlassian\SourceTree\bin;C:\Program Files (x86)\Webex\Webex\Applications;C:\Program Files\TortoiseGit\bin;C:\Program Files (x86)\DST\AWD\AWDWIN\BIN;C:\Program Files\Microsoft SQL Server\Client SDK\ODBC\170\Tools\Binn\;C:\Program Files\Microsoft VS Code\bin;C:\Program Files (x86)\Sennheiser\SoftphoneSDK\;C:\Program Files (x86)\Spark3\Bin\;C:\Program Files\Java\JDK\jdk-11.0.5\bin\;C:\dev\tools\cntlm-0.92.3;C:\dev\scripts;C:\dev\tools\apache-maven\bin;C:\Program Files (x86)\dotnet\;C:\Users\CONFTRG\AppData\Local\Microsoft\WindowsApps;C:\Users\CONFTRG\.dotnet\tools;C:\Program Files\Perforce;C:\Program Files\Notepad++;C:\Program Files (x86)\Microsoft Visual Studio\2017\Professional\Common7\IDE;C:\Program Files (x86)\Microsoft Visual Studio\Shared\Python36_64;C:\Users\CONFTRG\AppData\Local\Programs\Microsoft VS Code\bin;;."/>
    <property name="maven.conf" value="C:\Program Files\JetBrains\IntelliJ IDEA Community Edition 2019.3.3\plugins\maven\lib\maven3/conf"/>
    <property name="jdk.debug" value="release"/>
    <property name="java.class.version" value="55.0"/>
    <property name="java.specification.name" value="Java Platform API Specification"/>
    <property name="sun.management.compiler" value="HotSpot 64-Bit Tiered Compilers"/>
    <property name="idea.version2019.3.3" value="true"/>
    <property name="os.version" value="10.0"/>
    <property name="user.home" value="C:\Users\CONFTRG"/>
    <property name="user.timezone" value="America/Chicago"/>
    <property name="java.awt.printerjob" value="sun.awt.windows.WPrinterJob"/>
    <property name="file.encoding" value="UTF-8"/>
    <property name="java.specification.version" value="11"/>
    <property name="user.name" value="conftrg"/>
    <property name="java.class.path" value="C:\Program Files\JetBrains\IntelliJ IDEA Community Edition 2019.3.3\plugins\maven\lib\maven3\boot\plexus-classworlds-2.6.0.jar"/>
    <property name="java.vm.specification.version" value="11"/>
    <property name="sun.arch.data.model" value="64"/>
    <property name="sun.java.command" value="org.codehaus.classworlds.Launcher -Didea.version2019.3.3 clean compile package install"/>
    <property name="java.home" value="C:\Program Files\Java\JDK\jdk-11.0.5"/>
    <property name="user.language" value="en"/>
    <property name="java.specification.vendor" value="Oracle Corporation"/>
    <property name="awt.toolkit" value="sun.awt.windows.WToolkit"/>
    <property name="java.vm.info" value="mixed mode"/>
    <property name="java.version" value="11.0.5"/>
    <property name="java.vendor" value="Oracle Corporation"/>
    <property name="maven.home" value="C:\Program Files\JetBrains\IntelliJ IDEA Community Edition 2019.3.3\plugins\maven\lib\maven3"/>
    <property name="file.separator" value="\"/>
    <property name="java.version.date" value="2019-10-15"/>
    <property name="java.vendor.url.bug" value="http://bugreport.java.com/bugreport/"/>
    <property name="sun.io.unicode.encoding" value="UnicodeLittle"/>
    <property name="sun.cpu.endian" value="little"/>
    <property name="java.vendor.version" value="18.9"/>
    <property name="sun.desktop" value="windows"/>
    <property name="sun.cpu.isalist" value="amd64"/>
  </properties>
  <testcase classname="dmn.DishTest" name="testStew" time="4.251"/>
  <testcase classname="dmn.DishTest" name="testLightSalad" time="0"/>
</testsuite>